{"level":"info","message":"Server running on http://localhost:3000"}
{"level":"info","message":"Server running on http://localhost:3000"}
{"level":"info","message":"Server running on "}
{"level":"info","message":"Server running on $"}
{"level":"info","message":"Server running on 3000"}
{"level":"info","message":"Server running on Localhost 3000"}
{"level":"info","message":"Server running on 3000"}
{"level":"info","message":"Server running on 3000"}
{"level":"info","message":"Server running on 3000"}
{"level":"info","message":"Server running on 3000"}
{"level":"info","message":"Server running on 3000"}
{"level":"info","message":"Server running on 3000"}
{"level":"info","message":"Server running on 3000"}
{"level":"info","message":"Server running on 3000"}
{"level":"info","message":"Server running on 3000"}
{"level":"info","message":"Server running on 3000"}
{"level":"info","message":"Server running on 3000"}
{"level":"info","message":"Server running on 3000"}
{"level":"info","message":"Server running on 3000"}
{"level":"info","message":"Server running on 3000"}
{"level":"info","message":"Server running on 3000"}
{"level":"info","message":"Server running on 3000"}
{"level":"info","message":"Server running on 3000"}
{"level":"info","message":"Server running on 3000"}
{"level":"info","message":"Server running on 3000"}
{"level":"info","message":"Server running on 3000"}
{"level":"info","message":"Server running on 3000"}
{"level":"info","message":"Server running on 3000"}
{"level":"info","message":"Server running on 3000"}
{"level":"info","message":"Server running on 3000"}
{"level":"info","message":"Server running on 3000"}
{"level":"info","message":"Server running on 3000"}
{"level":"info","message":"Server running on 3000"}
{"level":"info","message":"Server running on 3000"}
{"level":"info","message":"Server running on 3000"}
{"level":"info","message":"Server running on 3000"}
{"level":"info","message":"Server running on 3000"}
{"level":"info","message":"Server running on 3000"}
{"level":"info","message":"Server running on 3000"}
{"level":"info","message":"Server running on 3000"}
{"level":"info","message":"Server running on 3000"}
{"level":"info","message":"Server running on 3000"}
{"level":"info","message":"Server running on 3000"}
{"level":"info","message":"Server running on 3000"}
{"level":"info","message":"Server running on 3000"}
{"level":"info","message":"Server running on 3000"}
{"level":"info","message":"Server running on 3000"}
{"level":"info","message":"Server running on 3000"}
{"level":"info","message":"Server running on 3000"}
{"level":"info","message":"Server running on 3000"}
{"level":"info","message":"Server running on 3000"}
{"level":"info","message":"Server running on 3000"}
{"level":"info","message":"Server running on 3000"}
{"level":"info","message":"Server running on 3000"}
{"level":"info","message":"Server running on 3000"}
{"level":"info","message":"Server running on 3000"}
{"level":"info","message":"Server running on 3000"}
{"level":"info","message":"Server running on 3000"}
{"level":"info","message":"Server running on 3000"}
{"level":"info","message":"Server running on 3000"}
{"level":"info","message":"Server running on 3000"}
{"level":"info","message":"Server running on 3000"}
{"level":"info","message":"Server running on 3000"}
{"level":"info","message":"Server running on 3000"}
{"level":"info","message":"Server running on 3000"}
{"level":"info","message":"Server running on 3000"}
{"level":"info","message":"Server running on 3000"}
{"level":"info","message":"Server running on 3000"}
{"level":"info","message":"Server running on 3000"}
{"level":"info","message":"Server running on 3000"}
{"level":"info","message":"Server running on 3000"}
{"level":"info","message":"Server running on 3000"}
{"level":"info","message":"Server running on 3000"}
{"level":"info","message":"Server running on 3000"}
{"level":"info","message":"Server running on 3000"}
{"level":"info","message":"Server running on 3000"}
{"level":"info","message":"Server running on 3000"}
{"level":"info","message":"Server running on 3000"}
{"level":"info","message":"Server running on 3000"}
{"level":"info","message":"Server running on 3000"}
{"level":"info","message":"Server running on 3000"}
{"level":"info","message":"Server running on 3000"}
{"level":"info","message":"Server running on 3000"}
{"level":"info","message":"Server running on 3000"}
{"level":"info","message":"Server running on 3000"}
{"level":"info","message":"Server running on 3000"}
{"level":"info","message":"Server running on 3000"}
{"level":"info","message":"Server running on 3000"}
{"level":"info","message":"Server running on 3000"}
{"level":"info","message":"Server running on 3000"}
{"level":"info","message":"Server running on 3000"}
{"level":"info","message":"Server running on 3000"}
{"level":"info","message":"Server running on 3000"}
{"level":"info","message":"Server running on 3000"}
{"level":"info","message":"Server running on 3000"}
{"level":"info","message":"Server running on 3000"}
{"level":"info","message":"Server running on 3000"}
{"level":"info","message":"Server running on 3000"}
